2025-05-30 23:34:17.329 [main] INFO  c.a.b.nacos.config.util.NacosConfigPropertiesUtils - nacosConfigProperties : NacosConfigProperties{serverAddr='austin-nacos:8848', contextPath='null', encode='null', endpoint='null', namespace='hades', accessKey='null', secretKey='null', ramRoleName='null', autoRefresh=false, dataId='null', dataIds='null', group='DEFAULT_GROUP', type=PROPERTIES, maxRetry='null', configLongPollTimeout='null', configRetryTime='null', enableRemoteSyncConfig=false, extConfig=[], bootstrap=Bootstrap{enable=false, logEnable=false}}
2025-05-30 23:34:17.373 [background-preinit] INFO  org.hibernate.validator.internal.util.Version - HV000001: Hibernate Validator 6.2.0.Final
2025-05-30 23:34:17.375 [main] INFO  c.a.b.nacos.config.util.NacosConfigPropertiesUtils - nacosConfigProperties : NacosConfigProperties{serverAddr='austin-nacos:8848', contextPath='null', encode='null', endpoint='null', namespace='hades', accessKey='null', secretKey='null', ramRoleName='null', autoRefresh=false, dataId='null', dataIds='null', group='DEFAULT_GROUP', type=PROPERTIES, maxRetry='null', configLongPollTimeout='null', configRetryTime='null', enableRemoteSyncConfig=false, extConfig=[], bootstrap=Bootstrap{enable=false, logEnable=false}}
2025-05-30 23:34:17.389 [main] INFO  c.a.b.n.c.a.NacosConfigApplicationContextInitializer - [Nacos Config Boot] : The preload configuration is not enabled
2025-05-30 23:34:17.408 [main] INFO  com.java3y.austin.AustinApplication - Starting AustinApplication using Java 1.8.0_441 on DESKTOP-BF7M2TN with PID 16468 (D:\Code\Project\Message-Push\Austin\austin-web\target\classes started by 01Vortex in D:\Code\Project\Message-Push)
2025-05-30 23:34:17.409 [main] INFO  com.java3y.austin.AustinApplication - The following profiles are active: dev
2025-05-30 23:34:18.609 [main] INFO  o.s.d.r.config.RepositoryConfigurationDelegate - Multiple Spring Data modules found, entering strict repository configuration mode!
2025-05-30 23:34:18.610 [main] INFO  o.s.d.r.config.RepositoryConfigurationDelegate - Bootstrapping Spring Data JPA repositories in DEFAULT mode.
2025-05-30 23:34:18.713 [main] INFO  o.s.d.r.config.RepositoryConfigurationDelegate - Finished Spring Data repository scanning in 96 ms. Found 3 JPA repository interfaces.
2025-05-30 23:34:18.721 [main] INFO  o.s.d.r.config.RepositoryConfigurationDelegate - Multiple Spring Data modules found, entering strict repository configuration mode!
2025-05-30 23:34:18.722 [main] INFO  o.s.d.r.config.RepositoryConfigurationDelegate - Bootstrapping Spring Data Redis repositories in DEFAULT mode.
2025-05-30 23:34:18.749 [main] INFO  o.s.d.r.c.RepositoryConfigurationExtensionSupport - Spring Data Redis - Could not safely identify store assignment for repository candidate interface com.java3y.austin.support.dao.ChannelAccountDao. If you want this repository to be a Redis repository, consider annotating your entities with one of these annotations: org.springframework.data.redis.core.RedisHash (preferred), or consider extending one of the following types with your repository: org.springframework.data.keyvalue.repository.KeyValueRepository.
2025-05-30 23:34:18.749 [main] INFO  o.s.d.r.c.RepositoryConfigurationExtensionSupport - Spring Data Redis - Could not safely identify store assignment for repository candidate interface com.java3y.austin.support.dao.MessageTemplateDao. If you want this repository to be a Redis repository, consider annotating your entities with one of these annotations: org.springframework.data.redis.core.RedisHash (preferred), or consider extending one of the following types with your repository: org.springframework.data.keyvalue.repository.KeyValueRepository.
2025-05-30 23:34:18.749 [main] INFO  o.s.d.r.c.RepositoryConfigurationExtensionSupport - Spring Data Redis - Could not safely identify store assignment for repository candidate interface com.java3y.austin.support.dao.SmsRecordDao. If you want this repository to be a Redis repository, consider annotating your entities with one of these annotations: org.springframework.data.redis.core.RedisHash (preferred), or consider extending one of the following types with your repository: org.springframework.data.keyvalue.repository.KeyValueRepository.
2025-05-30 23:34:18.749 [main] INFO  o.s.d.r.config.RepositoryConfigurationDelegate - Finished Spring Data repository scanning in 21 ms. Found 0 Redis repository interfaces.
2025-05-30 23:34:19.103 [main] INFO  o.s.c.s.PostProcessorRegistrationDelegate$BeanPostProcessorChecker - Bean 'com.dtp.starter.common.autoconfigure.BaseBeanAutoConfiguration' of type [com.dtp.starter.common.autoconfigure.BaseBeanAutoConfiguration$$EnhancerBySpringCGLIB$$fdb32097] is not eligible for getting processed by all BeanPostProcessors (for example: not eligible for auto-proxying)
2025-05-30 23:34:19.319 [main] INFO  o.s.boot.web.embedded.tomcat.TomcatWebServer - Tomcat initialized with port(s): 8080 (http)
2025-05-30 23:34:19.326 [main] INFO  org.apache.coyote.http11.Http11NioProtocol - Initializing ProtocolHandler ["http-nio-8080"]
2025-05-30 23:34:19.327 [main] INFO  org.apache.catalina.core.StandardService - Starting service [Tomcat]
2025-05-30 23:34:19.327 [main] INFO  org.apache.catalina.core.StandardEngine - Starting Servlet engine: [Apache Tomcat/9.0.54]
2025-05-30 23:34:19.474 [main] INFO  o.a.c.core.ContainerBase.[Tomcat].[localhost].[/] - Initializing Spring embedded WebApplicationContext
2025-05-30 23:34:19.474 [main] INFO  o.s.b.w.s.c.ServletWebServerApplicationContext - Root WebApplicationContext: initialization completed in 1895 ms
2025-05-30 23:34:19.705 [main] INFO  com.zaxxer.hikari.HikariDataSource - HikariCP - Starting...
2025-05-30 23:34:19.828 [main] INFO  com.zaxxer.hikari.HikariDataSource - HikariCP - Start completed.
2025-05-30 23:34:19.871 [main] INFO  org.hibernate.jpa.internal.util.LogHelper - HHH000204: Processing PersistenceUnitInfo [name: default]
2025-05-30 23:34:19.905 [main] INFO  org.hibernate.Version - HHH000412: Hibernate ORM core version 5.4.32.Final
2025-05-30 23:34:20.031 [main] INFO  org.hibernate.annotations.common.Version - HCANN000001: Hibernate Commons Annotations {5.1.2.Final}
2025-05-30 23:34:20.117 [main] INFO  org.hibernate.dialect.Dialect - HHH000400: Using dialect: org.hibernate.dialect.MySQL8Dialect
2025-05-30 23:34:20.702 [main] INFO  o.h.e.t.jta.platform.internal.JtaPlatformInitiator - HHH000490: Using JtaPlatform implementation: [org.hibernate.engine.transaction.jta.platform.internal.NoJtaPlatform]
2025-05-30 23:34:20.709 [main] INFO  o.s.orm.jpa.LocalContainerEntityManagerFactoryBean - Initialized JPA EntityManagerFactory for persistence unit 'default'
2025-05-30 23:34:21.922 [main] INFO  com.dtp.core.DtpRegistry - DynamicTp register, source: austin, executor: DtpMainProp(dtpName=austin.im.notice, corePoolSize=2, maxPoolSize=2, keepAliveTime=60, queueType=VariableLinkedBlockingQueue, queueCapacity=128, rejectType=CallerRunsPolicy, allowCoreThreadTimeOut=false)
2025-05-30 23:34:21.922 [main] INFO  com.dtp.core.DtpRegistry - DynamicTp register, source: austin, executor: DtpMainProp(dtpName=austin.im.marketing, corePoolSize=2, maxPoolSize=2, keepAliveTime=60, queueType=VariableLinkedBlockingQueue, queueCapacity=128, rejectType=CallerRunsPolicy, allowCoreThreadTimeOut=false)
2025-05-30 23:34:21.923 [main] INFO  com.dtp.core.DtpRegistry - DynamicTp register, source: austin, executor: DtpMainProp(dtpName=austin.im.auth_code, corePoolSize=2, maxPoolSize=2, keepAliveTime=60, queueType=VariableLinkedBlockingQueue, queueCapacity=128, rejectType=CallerRunsPolicy, allowCoreThreadTimeOut=false)
2025-05-30 23:34:21.923 [main] INFO  com.dtp.core.DtpRegistry - DynamicTp register, source: austin, executor: DtpMainProp(dtpName=austin.push.notice, corePoolSize=2, maxPoolSize=2, keepAliveTime=60, queueType=VariableLinkedBlockingQueue, queueCapacity=128, rejectType=CallerRunsPolicy, allowCoreThreadTimeOut=false)
2025-05-30 23:34:21.923 [main] INFO  com.dtp.core.DtpRegistry - DynamicTp register, source: austin, executor: DtpMainProp(dtpName=austin.push.marketing, corePoolSize=2, maxPoolSize=2, keepAliveTime=60, queueType=VariableLinkedBlockingQueue, queueCapacity=128, rejectType=CallerRunsPolicy, allowCoreThreadTimeOut=false)
2025-05-30 23:34:21.923 [main] INFO  com.dtp.core.DtpRegistry - DynamicTp register, source: austin, executor: DtpMainProp(dtpName=austin.push.auth_code, corePoolSize=2, maxPoolSize=2, keepAliveTime=60, queueType=VariableLinkedBlockingQueue, queueCapacity=128, rejectType=CallerRunsPolicy, allowCoreThreadTimeOut=false)
2025-05-30 23:34:21.923 [main] INFO  com.dtp.core.DtpRegistry - DynamicTp register, source: austin, executor: DtpMainProp(dtpName=austin.sms.notice, corePoolSize=2, maxPoolSize=2, keepAliveTime=60, queueType=VariableLinkedBlockingQueue, queueCapacity=128, rejectType=CallerRunsPolicy, allowCoreThreadTimeOut=false)
2025-05-30 23:34:21.923 [main] INFO  com.dtp.core.DtpRegistry - DynamicTp register, source: austin, executor: DtpMainProp(dtpName=austin.sms.marketing, corePoolSize=2, maxPoolSize=2, keepAliveTime=60, queueType=VariableLinkedBlockingQueue, queueCapacity=128, rejectType=CallerRunsPolicy, allowCoreThreadTimeOut=false)
2025-05-30 23:34:21.923 [main] INFO  com.dtp.core.DtpRegistry - DynamicTp register, source: austin, executor: DtpMainProp(dtpName=austin.sms.auth_code, corePoolSize=2, maxPoolSize=2, keepAliveTime=60, queueType=VariableLinkedBlockingQueue, queueCapacity=128, rejectType=CallerRunsPolicy, allowCoreThreadTimeOut=false)
2025-05-30 23:34:21.923 [main] INFO  com.dtp.core.DtpRegistry - DynamicTp register, source: austin, executor: DtpMainProp(dtpName=austin.email.notice, corePoolSize=2, maxPoolSize=2, keepAliveTime=60, queueType=VariableLinkedBlockingQueue, queueCapacity=128, rejectType=CallerRunsPolicy, allowCoreThreadTimeOut=false)
2025-05-30 23:34:21.923 [main] INFO  com.dtp.core.DtpRegistry - DynamicTp register, source: austin, executor: DtpMainProp(dtpName=austin.email.marketing, corePoolSize=2, maxPoolSize=2, keepAliveTime=60, queueType=VariableLinkedBlockingQueue, queueCapacity=128, rejectType=CallerRunsPolicy, allowCoreThreadTimeOut=false)
2025-05-30 23:34:21.923 [main] INFO  com.dtp.core.DtpRegistry - DynamicTp register, source: austin, executor: DtpMainProp(dtpName=austin.email.auth_code, corePoolSize=2, maxPoolSize=2, keepAliveTime=60, queueType=VariableLinkedBlockingQueue, queueCapacity=128, rejectType=CallerRunsPolicy, allowCoreThreadTimeOut=false)
2025-05-30 23:34:21.923 [main] INFO  com.dtp.core.DtpRegistry - DynamicTp register, source: austin, executor: DtpMainProp(dtpName=austin.official_accounts.notice, corePoolSize=2, maxPoolSize=2, keepAliveTime=60, queueType=VariableLinkedBlockingQueue, queueCapacity=128, rejectType=CallerRunsPolicy, allowCoreThreadTimeOut=false)
2025-05-30 23:34:21.923 [main] INFO  com.dtp.core.DtpRegistry - DynamicTp register, source: austin, executor: DtpMainProp(dtpName=austin.official_accounts.marketing, corePoolSize=2, maxPoolSize=2, keepAliveTime=60, queueType=VariableLinkedBlockingQueue, queueCapacity=128, rejectType=CallerRunsPolicy, allowCoreThreadTimeOut=false)
2025-05-30 23:34:21.923 [main] INFO  com.dtp.core.DtpRegistry - DynamicTp register, source: austin, executor: DtpMainProp(dtpName=austin.official_accounts.auth_code, corePoolSize=2, maxPoolSize=2, keepAliveTime=60, queueType=VariableLinkedBlockingQueue, queueCapacity=128, rejectType=CallerRunsPolicy, allowCoreThreadTimeOut=false)
2025-05-30 23:34:21.923 [main] INFO  com.dtp.core.DtpRegistry - DynamicTp register, source: austin, executor: DtpMainProp(dtpName=austin.mini_program.notice, corePoolSize=2, maxPoolSize=2, keepAliveTime=60, queueType=VariableLinkedBlockingQueue, queueCapacity=128, rejectType=CallerRunsPolicy, allowCoreThreadTimeOut=false)
2025-05-30 23:34:21.924 [main] INFO  com.dtp.core.DtpRegistry - DynamicTp register, source: austin, executor: DtpMainProp(dtpName=austin.mini_program.marketing, corePoolSize=2, maxPoolSize=2, keepAliveTime=60, queueType=VariableLinkedBlockingQueue, queueCapacity=128, rejectType=CallerRunsPolicy, allowCoreThreadTimeOut=false)
2025-05-30 23:34:21.924 [main] INFO  com.dtp.core.DtpRegistry - DynamicTp register, source: austin, executor: DtpMainProp(dtpName=austin.mini_program.auth_code, corePoolSize=2, maxPoolSize=2, keepAliveTime=60, queueType=VariableLinkedBlockingQueue, queueCapacity=128, rejectType=CallerRunsPolicy, allowCoreThreadTimeOut=false)
2025-05-30 23:34:21.924 [main] INFO  com.dtp.core.DtpRegistry - DynamicTp register, source: austin, executor: DtpMainProp(dtpName=austin.enterprise_we_chat.notice, corePoolSize=2, maxPoolSize=2, keepAliveTime=60, queueType=VariableLinkedBlockingQueue, queueCapacity=128, rejectType=CallerRunsPolicy, allowCoreThreadTimeOut=false)
2025-05-30 23:34:21.924 [main] INFO  com.dtp.core.DtpRegistry - DynamicTp register, source: austin, executor: DtpMainProp(dtpName=austin.enterprise_we_chat.marketing, corePoolSize=2, maxPoolSize=2, keepAliveTime=60, queueType=VariableLinkedBlockingQueue, queueCapacity=128, rejectType=CallerRunsPolicy, allowCoreThreadTimeOut=false)
2025-05-30 23:34:21.924 [main] INFO  com.dtp.core.DtpRegistry - DynamicTp register, source: austin, executor: DtpMainProp(dtpName=austin.enterprise_we_chat.auth_code, corePoolSize=2, maxPoolSize=2, keepAliveTime=60, queueType=VariableLinkedBlockingQueue, queueCapacity=128, rejectType=CallerRunsPolicy, allowCoreThreadTimeOut=false)
2025-05-30 23:34:21.924 [main] INFO  com.dtp.core.DtpRegistry - DynamicTp register, source: austin, executor: DtpMainProp(dtpName=austin.ding_ding_robot.notice, corePoolSize=2, maxPoolSize=2, keepAliveTime=60, queueType=VariableLinkedBlockingQueue, queueCapacity=128, rejectType=CallerRunsPolicy, allowCoreThreadTimeOut=false)
2025-05-30 23:34:21.924 [main] INFO  com.dtp.core.DtpRegistry - DynamicTp register, source: austin, executor: DtpMainProp(dtpName=austin.ding_ding_robot.marketing, corePoolSize=2, maxPoolSize=2, keepAliveTime=60, queueType=VariableLinkedBlockingQueue, queueCapacity=128, rejectType=CallerRunsPolicy, allowCoreThreadTimeOut=false)
2025-05-30 23:34:21.924 [main] INFO  com.dtp.core.DtpRegistry - DynamicTp register, source: austin, executor: DtpMainProp(dtpName=austin.ding_ding_robot.auth_code, corePoolSize=2, maxPoolSize=2, keepAliveTime=60, queueType=VariableLinkedBlockingQueue, queueCapacity=128, rejectType=CallerRunsPolicy, allowCoreThreadTimeOut=false)
2025-05-30 23:34:21.924 [main] INFO  com.dtp.core.DtpRegistry - DynamicTp register, source: austin, executor: DtpMainProp(dtpName=austin.ding_ding_work_notice.notice, corePoolSize=2, maxPoolSize=2, keepAliveTime=60, queueType=VariableLinkedBlockingQueue, queueCapacity=128, rejectType=CallerRunsPolicy, allowCoreThreadTimeOut=false)
2025-05-30 23:34:21.924 [main] INFO  com.dtp.core.DtpRegistry - DynamicTp register, source: austin, executor: DtpMainProp(dtpName=austin.ding_ding_work_notice.marketing, corePoolSize=2, maxPoolSize=2, keepAliveTime=60, queueType=VariableLinkedBlockingQueue, queueCapacity=128, rejectType=CallerRunsPolicy, allowCoreThreadTimeOut=false)
2025-05-30 23:34:21.924 [main] INFO  com.dtp.core.DtpRegistry - DynamicTp register, source: austin, executor: DtpMainProp(dtpName=austin.ding_ding_work_notice.auth_code, corePoolSize=2, maxPoolSize=2, keepAliveTime=60, queueType=VariableLinkedBlockingQueue, queueCapacity=128, rejectType=CallerRunsPolicy, allowCoreThreadTimeOut=false)
2025-05-30 23:34:21.924 [main] INFO  com.dtp.core.DtpRegistry - DynamicTp register, source: austin, executor: DtpMainProp(dtpName=austin.enterprise_we_chat_robot.notice, corePoolSize=2, maxPoolSize=2, keepAliveTime=60, queueType=VariableLinkedBlockingQueue, queueCapacity=128, rejectType=CallerRunsPolicy, allowCoreThreadTimeOut=false)
2025-05-30 23:34:21.924 [main] INFO  com.dtp.core.DtpRegistry - DynamicTp register, source: austin, executor: DtpMainProp(dtpName=austin.enterprise_we_chat_robot.marketing, corePoolSize=2, maxPoolSize=2, keepAliveTime=60, queueType=VariableLinkedBlockingQueue, queueCapacity=128, rejectType=CallerRunsPolicy, allowCoreThreadTimeOut=false)
2025-05-30 23:34:21.924 [main] INFO  com.dtp.core.DtpRegistry - DynamicTp register, source: austin, executor: DtpMainProp(dtpName=austin.enterprise_we_chat_robot.auth_code, corePoolSize=2, maxPoolSize=2, keepAliveTime=60, queueType=VariableLinkedBlockingQueue, queueCapacity=128, rejectType=CallerRunsPolicy, allowCoreThreadTimeOut=false)
2025-05-30 23:34:21.924 [main] INFO  com.dtp.core.DtpRegistry - DynamicTp register, source: austin, executor: DtpMainProp(dtpName=austin.fei_shu_robot.notice, corePoolSize=2, maxPoolSize=2, keepAliveTime=60, queueType=VariableLinkedBlockingQueue, queueCapacity=128, rejectType=CallerRunsPolicy, allowCoreThreadTimeOut=false)
2025-05-30 23:34:21.924 [main] INFO  com.dtp.core.DtpRegistry - DynamicTp register, source: austin, executor: DtpMainProp(dtpName=austin.fei_shu_robot.marketing, corePoolSize=2, maxPoolSize=2, keepAliveTime=60, queueType=VariableLinkedBlockingQueue, queueCapacity=128, rejectType=CallerRunsPolicy, allowCoreThreadTimeOut=false)
2025-05-30 23:34:21.925 [main] INFO  com.dtp.core.DtpRegistry - DynamicTp register, source: austin, executor: DtpMainProp(dtpName=austin.fei_shu_robot.auth_code, corePoolSize=2, maxPoolSize=2, keepAliveTime=60, queueType=VariableLinkedBlockingQueue, queueCapacity=128, rejectType=CallerRunsPolicy, allowCoreThreadTimeOut=false)
2025-05-30 23:34:21.925 [main] INFO  com.dtp.core.DtpRegistry - DynamicTp register, source: austin, executor: DtpMainProp(dtpName=austin.alipay_mini_program.notice, corePoolSize=2, maxPoolSize=2, keepAliveTime=60, queueType=VariableLinkedBlockingQueue, queueCapacity=128, rejectType=CallerRunsPolicy, allowCoreThreadTimeOut=false)
2025-05-30 23:34:21.925 [main] INFO  com.dtp.core.DtpRegistry - DynamicTp register, source: austin, executor: DtpMainProp(dtpName=austin.alipay_mini_program.marketing, corePoolSize=2, maxPoolSize=2, keepAliveTime=60, queueType=VariableLinkedBlockingQueue, queueCapacity=128, rejectType=CallerRunsPolicy, allowCoreThreadTimeOut=false)
2025-05-30 23:34:21.925 [main] INFO  com.dtp.core.DtpRegistry - DynamicTp register, source: austin, executor: DtpMainProp(dtpName=austin.alipay_mini_program.auth_code, corePoolSize=2, maxPoolSize=2, keepAliveTime=60, queueType=VariableLinkedBlockingQueue, queueCapacity=128, rejectType=CallerRunsPolicy, allowCoreThreadTimeOut=false)
2025-05-30 23:34:24.714 [main] INFO  o.s.orm.jpa.LocalContainerEntityManagerFactoryBean - Closing JPA EntityManagerFactory for persistence unit 'default'
2025-05-30 23:34:24.716 [main] INFO  com.zaxxer.hikari.HikariDataSource - HikariCP - Shutdown initiated...
2025-05-30 23:34:24.720 [main] INFO  com.zaxxer.hikari.HikariDataSource - HikariCP - Shutdown completed.
2025-05-30 23:34:24.721 [main] INFO  org.apache.catalina.core.StandardService - Stopping service [Tomcat]
2025-05-30 23:34:24.733 [main] INFO  o.s.b.a.l.ConditionEvaluationReportLoggingListener - 

Error starting ApplicationContext. To display the conditions report re-run your application with 'debug' enabled.
